[DataStore] B loaded 214636 rows from 96 files.
[Overlay] B (team_leader/green) listening on 127.0.0.1:60052, dataset=datasets/2020-fire/data
[Facade] B local query: 100 records from 214636 total
[Facade] B query d39cd792: 100 records, 1.0ms, filters={param=PM2.5, value=[10.0, 50.0]}
[Facade] B local query: 100 records from 214636 total
[Facade] B query 2b8db921: 100 records, 0.0ms, filters={param=PM2.5, value=[10.0, 50.0]}
[Facade] B local query: 100 records from 214636 total
[Facade] B query 8db60b28: 100 records, 0.7ms, filters={param=PM2.5, value=[10.0, 50.0]}
[Facade] B local query: 100 records from 214636 total
[Facade] B query ac44a134: 100 records, 1.0ms, filters={param=PM2.5, value=[10.0, 50.0]}
[Facade] B local query: 100 records from 214636 total
[Facade] B query ee009b74: 100 records, 1.0ms, filters={param=PM2.5, value=[10.0, 50.0]}
[Facade] B local query: 100 records from 214636 total
[Facade] B query 5a31e61c: 100 records, 1.2ms, filters={param=PM2.5, value=[10.0, 50.0]}
[Facade] B local query: 100 records from 214636 total
[Facade] B query d7a3b754: 100 records, 2.0ms, filters={param=PM2.5, value=[10.0, 50.0]}
[Facade] B local query: 100 records from 214636 total[Facade] B local query: 100 records from 214636 total

[Facade] B query e620928f: 100 records, 1.0ms, filters={param=PM2.5, value=[10.0, 50.0]}
[Facade] B query 889f9423: 100 records, 1.0ms, filters={param=PM2.5, value=[10.0, 50.0]}
[Facade] B local query: 100 records from 214636 total
[Facade] B query 4604005e: 100 records, 0.0ms, filters={param=PM2.5, value=[10.0, 50.0]}
[Facade] B local query: 100 records from 214636 total
[Facade] B query 2486cbcf: 100 records, 1.7ms, filters={param=PM2.5, value=[10.0, 50.0]}
[Facade] B local query: 100 records from 214636 total
[Facade] B query ad9a1d2c: 100 records, 1.4ms, filters={param=PM2.5, value=[10.0, 50.0]}
[Facade] B local query: 100 records from 214636 total
[Facade] B query 5e1697ef: 100 records, 1.0ms, filters={param=PM2.5, value=[10.0, 50.0]}
[Facade] B local query: 100 records from 214636 total
[Facade] B query 57593680: 100 records, 0.5ms, filters={param=PM2.5, value=[10.0, 50.0]}
[Facade] B local query: 100 records from 214636 total
[Facade] B query 1ed5c9d1: 100 records, 0.5ms, filters={param=PM2.5, value=[10.0, 50.0]}
[Facade] B local query: 100 records from 214636 total
[Facade] B query 5b09d78f: 100 records, 0.0ms, filters={param=PM2.5, value=[10.0, 50.0]}
[Facade] B local query: 100 records from 214636 total
[Facade] B query 01a392aa: 100 records, 0.6ms, filters={param=PM2.5, value=[10.0, 50.0]}
[Facade] B local query: 100 records from 214636 total
[Facade] B query 00ff240c: 100 records, 0.0ms, filters={param=PM2.5, value=[10.0, 50.0]}
[Facade] B local query: 100 records from 214636 total
[Facade] B query 0153f864: 100 records, 0.0ms, filters={param=PM2.5, value=[10.0, 50.0]}
[Facade] B local query: 100 records from 214636 total
[Facade] B query 4efe2c15: 100 records, 0.0ms, filters={param=PM2.5, value=[10.0, 50.0]}
[Facade] B local query: 100 records from 214636 total
[Facade] B query 01cdb7c6: 100 records, 1.0ms, filters={param=PM2.5, value=[10.0, 50.0]}
[Facade] B local query: 100 records from 214636 total
[Facade] B query faf5e634: 100 records, 0.5ms, filters={param=PM2.5, value=[10.0, 50.0]}
[Facade] B local query: 100 records from 214636 total
[Facade] B query 6d912952: 100 records, 1.8ms, filters={param=PM2.5, value=[10.0, 50.0]}
[Facade] B local query: 100 records from 214636 total
[Facade] B query 1f38c31e: 100 records, 0.0ms, filters={param=PM2.5, value=[10.0, 50.0]}
[Facade] B local query: 100 records from 214636 total
[Facade] B query 003576ec: 100 records, 0.0ms, filters={param=PM2.5, value=[10.0, 50.0]}
[Facade] B local query: 100 records from 214636 total
[Facade] B query b49d4720: 100 records, 1.0ms, filters={param=PM2.5, value=[10.0, 50.0]}
[Facade] B local query: 100 records from 214636 total
[Facade] B query dbb02642: 100 records, 1.0ms, filters={param=PM2.5, value=[10.0, 50.0]}
[Facade] B local query: 100 records from 214636 total
[Facade] B query 58f1fdd5: 100 records, 0.5ms, filters={param=PM2.5, value=[10.0, 50.0]}
[Facade] B local query: 100 records from 214636 total
[Facade] B query f6c67f34: 100 records, 1.0ms, filters={param=PM2.5, value=[10.0, 50.0]}
[Facade] B local query: 100 records from 214636 total
[Facade] B query 672febb3: 100 records, 1.5ms, filters={param=PM2.5, value=[10.0, 50.0]}
[Facade] B local query: 100 records from 214636 total
[Facade] B query 6a29f507: 100 records, 1.5ms, filters={param=PM2.5, value=[10.0, 50.0]}
[Facade] B local query: 100 records from 214636 total
[Facade] B query 2de30ea8: 100 records, 1.5ms, filters={param=PM2.5, value=[10.0, 50.0]}
[Facade] B local query: 100 records from 214636 total
[Facade] B query ab124b4e: 100 records, 0.0ms, filters={param=PM2.5, value=[10.0, 50.0]}
[Facade] B local query: 100 records from 214636 total
[Facade] B query 2fb6de4e: 100 records, 1.0ms, filters={param=PM2.5, value=[10.0, 50.0]}
[Facade] B local query: 100 records from 214636 total
[Facade] B query 11123d52: 100 records, 1.5ms, filters={param=PM2.5, value=[10.0, 50.0]}
[Facade] B local query: 100 records from 214636 total
[Facade] B query 7f16907d: 100 records, 1.0ms, filters={param=PM2.5, value=[10.0, 50.0]}
[Facade] B local query: 100 records from 214636 total
[Facade] B query 78cd69b3: 100 records, 1.5ms, filters={param=PM2.5, value=[10.0, 50.0]}
[Facade] B local query: 100 records from 214636 total
[Facade] B query 0f097003: 100 records, 1.5ms, filters={param=PM2.5, value=[10.0, 50.0]}
[Facade] B local query: 100 records from 214636 total
[Facade] B query 4ae5c5d0: 100 records, 0.0ms, filters={param=PM2.5, value=[10.0, 50.0]}
[Facade] B local query: 100 records from 214636 total
[Facade] B query e7916590: 100 records, 1.0ms, filters={param=PM2.5, value=[10.0, 50.0]}
[Facade] B local query: 100 records from 214636 total
[Facade] B query 8ee8dcb6: 100 records, 0.0ms, filters={param=PM2.5, value=[10.0, 50.0]}
[Facade] B local query: 100 records from 214636 total
[Facade] B query 959627e3: 100 records, 1.0ms, filters={param=PM2.5, value=[10.0, 50.0]}
[Facade] B local query: 100 records from 214636 total
[Facade] B query f2e4b990: 100 records, 1.2ms, filters={param=PM2.5, value=[10.0, 50.0]}
[Facade] B local query: 100 records from 214636 total
[Facade] B query bbc34ace: 100 records, 0.0ms, filters={param=PM2.5, value=[10.0, 50.0]}
[Facade] B local query: 100 records from 214636 total
[Facade] B query a023029a: 100 records, 0.0ms, filters={param=PM2.5, value=[10.0, 50.0]}
[Facade] B local query: 100 records from 214636 total
[Facade] B query 0dc2efef: 100 records, 1.0ms, filters={param=PM2.5, value=[10.0, 50.0]}
[Facade] B local query: 100 records from 214636 total
[Facade] B query cebc5aa7: 100 records, 1.5ms, filters={param=PM2.5, value=[10.0, 50.0]}
[Facade] B local query: 100 records from 214636 total
[Facade] B query 5ce5023a: 100 records, 0.0ms, filters={param=PM2.5, value=[10.0, 50.0]}
[Facade] B local query: 100 records from 214636 total
[Facade] B query 3ad67397: 100 records, 0.0ms, filters={param=PM2.5, value=[10.0, 50.0]}
[Facade] B local query: 100 records from 214636 total
[Facade] B query c73a0b5e: 100 records, 0.0ms, filters={param=PM2.5, value=[10.0, 50.0]}
[Facade] B local query: 100 records from 214636 total
[Facade] B query aa9b6199: 100 records, 0.0ms, filters={param=PM2.5, value=[10.0, 50.0]}
[Facade] B local query: 100 records from 214636 total
[Facade] B query f6013212: 100 records, 1.2ms, filters={param=PM2.5, value=[10.0, 50.0]}
[Facade] B local query: 100 records from 214636 total
[Facade] B query 93981731: 100 records, 1.0ms, filters={param=PM2.5, value=[10.0, 50.0]}
[Facade] B local query: 100 records from 214636 total
[Facade] B query 0d23074a: 100 records, 0.5ms, filters={param=PM2.5, value=[10.0, 50.0]}
[Facade] B local query: 100 records from 214636 total
[Facade] B query 05abaf21: 100 records, 1.0ms, filters={param=PM2.5, value=[10.0, 50.0]}
[Facade] B local query: 100 records from 214636 total
[Facade] B query a5cdc14a: 100 records, 1.5ms, filters={param=PM2.5, value=[10.0, 50.0]}
[Facade] B local query: 100 records from 214636 total
[Facade] B query a0006b9f: 100 records, 0.0ms, filters={param=PM2.5, value=[10.0, 50.0]}
[Facade] B local query: 100 records from 214636 total
[Facade] B query c1c981cf: 100 records, 0.0ms, filters={param=PM2.5, value=[10.0, 50.0]}
[Facade] B local query: 100 records from 214636 total
[Facade] B query 00a25487: 100 records, 1.1ms, filters={param=PM2.5, value=[10.0, 50.0]}
[Facade] B local query: 100 records from 214636 total
[Facade] B query 4fa6b5de: 100 records, 0.8ms, filters={param=PM2.5, value=[10.0, 50.0]}
[Facade] B local query: 100 records from 214636 total
[Facade] B query 79059a0d: 100 records, 1.0ms, filters={param=PM2.5, value=[10.0, 50.0]}
[Facade] B local query: 100 records from 214636 total
[Facade] B query 86b3ca5d: 100 records, 0.0ms, filters={param=PM2.5, value=[10.0, 50.0]}
[Facade] B local query: 100 records from 214636 total
[Facade] B query cc937295: 100 records, 1.2ms, filters={param=PM2.5, value=[10.0, 50.0]}
[Facade] B local query: 100 records from 214636 total
[Facade] B query ba63a8f1: 100 records, 1.5ms, filters={param=PM2.5, value=[10.0, 50.0]}
[Facade] B local query: 100 records from 214636 total
[Facade] B query 13aeda50: 100 records, 0.0ms, filters={param=PM2.5, value=[10.0, 50.0]}
[Facade] B local query: 100 records from 214636 total
[Facade] B query bb1bf767: 100 records, 1.0ms, filters={param=PM2.5, value=[10.0, 50.0]}
[Facade] B local query: 100 records from 214636 total
[Facade] B query df0d21cf: 100 records, 0.0ms, filters={param=PM2.5, value=[10.0, 50.0]}
[Facade] B local query: 100 records from 214636 total
[Facade] B query 33dfc245: 100 records, 0.0ms, filters={param=PM2.5, value=[10.0, 50.0]}
[Facade] B local query: 100 records from 214636 total
[Facade] B query 25117156: 100 records, 0.5ms, filters={param=PM2.5, value=[10.0, 50.0]}
[Facade] B local query: 100 records from 214636 total
[Facade] B query fdce3761: 100 records, 0.0ms, filters={param=PM2.5, value=[10.0, 50.0]}
[Facade] B local query: 100 records from 214636 total
[Facade] B query 517b947e: 100 records, 0.0ms, filters={param=PM2.5, value=[10.0, 50.0]}
[Facade] B local query: 100 records from 214636 total
[Facade] B query 63fc08f4: 100 records, 1.5ms, filters={param=PM2.5, value=[10.0, 50.0]}
[Facade] B local query: 100 records from 214636 total
[Facade] B query efef5360: 100 records, 1.5ms, filters={param=PM2.5, value=[10.0, 50.0]}
[Facade] B local query: 100 records from 214636 total
[Facade] B query 6644f35b: 100 records, 0.0ms, filters={param=PM2.5, value=[10.0, 50.0]}
[Facade] B local query: 100 records from 214636 total
[Facade] B query 81fd7b43: 100 records, 0.0ms, filters={param=PM2.5, value=[10.0, 50.0]}
[Facade] B local query: 100 records from 214636 total
[Facade] B query 3953f54a: 100 records, 1.0ms, filters={param=PM2.5, value=[10.0, 50.0]}
[Facade] B local query: 100 records from 214636 total
[Facade] B query 01da5aae: 100 records, 0.5ms, filters={param=PM2.5, value=[10.0, 50.0]}
[Facade] B local query: 100 records from 214636 total
[Facade] B query 0be5eb4f: 100 records, 0.0ms, filters={param=PM2.5, value=[10.0, 50.0]}
[Facade] B local query: 100 records from 214636 total
[Facade] B query 61ff408c: 100 records, 0.0ms, filters={param=PM2.5, value=[10.0, 50.0]}
[Facade] B local query: 100 records from 214636 total
[Facade] B query 01d85848: 100 records, 1.5ms, filters={param=PM2.5, value=[10.0, 50.0]}
[Facade] B local query: 100 records from 214636 total
[Facade] B query 11b8dc13: 100 records, 1.0ms, filters={param=PM2.5, value=[10.0, 50.0]}
[Facade] B local query: 100 records from 214636 total
[Facade] B query 4e518975: 100 records, 1.0ms, filters={param=PM2.5, value=[10.0, 50.0]}
[Facade] B local query: 100 records from 214636 total
[Facade] B query 6cfc9a0e: 100 records, 0.5ms, filters={param=PM2.5, value=[10.0, 50.0]}
[Facade] B local query: 100 records from 214636 total
[Facade] B query 2b0ebe81: 100 records, 0.0ms, filters={param=PM2.5, value=[10.0, 50.0]}
[Facade] B local query: 100 records from 214636 total
[Facade] B query 33721041: 100 records, 0.0ms, filters={param=PM2.5, value=[10.0, 50.0]}
[Facade] B local query: 100 records from 214636 total
[Facade] B query 156acb7a: 100 records, 1.0ms, filters={param=PM2.5, value=[10.0, 50.0]}
[Facade] B local query: 100 records from 214636 total
[Facade] B query f243e128: 100 records, 1.5ms, filters={param=PM2.5, value=[10.0, 50.0]}
[Facade] B local query: 100 records from 214636 total
[Facade] B query 289fa2ef: 100 records, 1.0ms, filters={param=PM2.5, value=[10.0, 50.0]}
[Facade] B local query: 100 records from 214636 total
[Facade] B query e3ef96b6: 100 records, 1.0ms, filters={param=PM2.5, value=[10.0, 50.0]}
[Facade] B local query: 100 records from 214636 total
[Facade] B query dda5aba0: 100 records, 1.5ms, filters={param=PM2.5, value=[10.0, 50.0]}
[Facade] B local query: 100 records from 214636 total
[Facade] B query 88a5ffd9: 100 records, 1.0ms, filters={param=PM2.5, value=[10.0, 50.0]}
[Facade] B local query: 100 records from 214636 total
[Facade] B query 7f33854a: 100 records, 1.1ms, filters={param=PM2.5, value=[10.0, 50.0]}
[Facade] B local query: 100 records from 214636 total
[Facade] B query 6d2d9ba3: 100 records, 1.0ms, filters={param=PM2.5, value=[10.0, 50.0]}
[Facade] B local query: 100 records from 214636 total
[Facade] B query be3007ca: 100 records, 0.0ms, filters={param=PM2.5, value=[10.0, 50.0]}
[Facade] B local query: 100 records from 214636 total
[Facade] B query 3b4d13cd: 100 records, 0.0ms, filters={param=PM2.5, value=[10.0, 50.0]}
[Facade] B local query: 100 records from 214636 total
[Facade] B query 12e720be: 100 records, 0.5ms, filters={param=PM2.5, value=[10.0, 50.0]}
[Facade] B local query: 100 records from 214636 total
[Facade] B query 705099a5: 100 records, 0.0ms, filters={param=PM2.5, value=[10.0, 50.0]}
[Facade] B local query: 100 records from 214636 total
[Facade] B query ebbb7821: 100 records, 0.0ms, filters={param=PM2.5, value=[10.0, 50.0]}
[Facade] B local query: 100 records from 214636 total
[Facade] B query f4fea4b0: 100 records, 0.0ms, filters={param=PM2.5, value=[10.0, 50.0]}
[Facade] B local query: 100 records from 214636 total
[Facade] B query a4c0ada8: 100 records, 1.5ms, filters={param=PM2.5, value=[10.0, 50.0]}
