[DataStore] E loaded 952889 rows from 420 files.
[Overlay] E (team_leader/pink) listening on 127.0.0.1:60055, dataset=datasets/2020-fire/data
[Facade] E local query: 100 records from 952889 total[Facade] E local query: 100 records from 952889 total

[Facade] E query 24f0ab92: 100 records, 0.5ms, filters={param=PM2.5, value=[10.0, 50.0]}
[Facade] E local query: 100 records from 952889 total[Facade] E local query: 100 records from 952889 total
[Facade] E query 3c4a0f39: 100 records, 0.1ms, filters={param=PM2.5, value=[10.0, 50.0]}
[Facade] E query a90e1102: 100 records, 0.8ms, filters={param=PM2.5, value=[10.0, 50.0]}

[Facade] E query f2d5ae1f: 100 records, 0.7ms, filters={param=PM2.5, value=[10.0, 50.0]}
[Facade] E local query: 100 records from 952889 total
[Facade] E query c1baf630: 100 records, 0.2ms, filters={param=PM2.5, value=[10.0, 50.0]}
[Facade] E local query: 100 records from 952889 total
[Facade] E query 803c2be6: 100 records, 0.1ms, filters={param=PM2.5, value=[10.0, 50.0]}
[Facade] E local query: 100 records from 952889 total
[Facade] E local query: 100 records from 952889 total
[Facade] E query 10cf9a52: 100 records, 0.2ms, filters={param=PM2.5, value=[10.0, 50.0]}
[Facade] E query 916c0d72: 100 records, 1.4ms, filters={param=PM2.5, value=[10.0, 50.0]}
[Facade] E local query: 100 records from 952889 total
[Facade] E query 6dace688: 100 records, 0.1ms, filters={param=PM2.5, value=[10.0, 50.0]}
[Facade] E local query: 100 records from 952889 total
[Facade] E query 7ca3fd06: 100 records, 0.1ms, filters={param=PM2.5, value=[10.0, 50.0]}
[Facade] E local query: 100 records from 952889 total
[Facade] E query 16415298: 100 records, 0.2ms, filters={param=PM2.5, value=[10.0, 50.0]}
[Facade] E local query: 100 records from 952889 total
[Facade] E query 2b074fba: 100 records, 0.1ms, filters={param=PM2.5, value=[10.0, 50.0]}
[Facade] E local query: 100 records from 952889 total
[Facade] E query b2fb2365: 100 records, 0.1ms, filters={param=PM2.5, value=[10.0, 50.0]}
[Facade] E local query: 100 records from 952889 total
[Facade] E query cfc6a7a9: 100 records, 0.2ms, filters={param=PM2.5, value=[10.0, 50.0]}
[Facade] E local query: 100 records from 952889 total
[Facade] E query aff2f118: 100 records, 0.1ms, filters={param=PM2.5, value=[10.0, 50.0]}
[Facade] E local query: 100 records from 952889 total
[Facade] E query 3c945674: 100 records, 0.1ms, filters={param=PM2.5, value=[10.0, 50.0]}
[Facade] E local query: 100 records from 952889 total
[Facade] E query 51975357: 100 records, 0.1ms, filters={param=PM2.5, value=[10.0, 50.0]}
[Facade] E local query: 100 records from 952889 total
[Facade] E query 63e00599: 100 records, 0.2ms, filters={param=PM2.5, value=[10.0, 50.0]}
[Facade] E local query: 100 records from 952889 total
[Facade] E query 1fe521a3: 100 records, 0.1ms, filters={param=PM2.5, value=[10.0, 50.0]}
[Facade] E local query: 100 records from 952889 total
[Facade] E query 0697d161: 100 records, 0.1ms, filters={param=PM2.5, value=[10.0, 50.0]}
[Facade] E local query: 100 records from 952889 total
[Facade] E query f4f1a774: 100 records, 0.1ms, filters={param=PM2.5, value=[10.0, 50.0]}
[Facade] E local query: 100 records from 952889 total
[Facade] E query 5d37b035: 100 records, 0.1ms, filters={param=PM2.5, value=[10.0, 50.0]}
[Facade] E local query: 100 records from 952889 total
[Facade] E local query: 100 records from 952889 total
[Facade] E query 7dcef948: 100 records, 0.1ms, filters={param=PM2.5, value=[10.0, 50.0]}
[Facade] E query 3197299b: 100 records, 0.4ms, filters={param=PM2.5, value=[10.0, 50.0]}
[Facade] E local query: 100 records from 952889 total
[Facade] E query dbd3e42f: 100 records, 0.1ms, filters={param=PM2.5, value=[10.0, 50.0]}
[Facade] E local query: 100 records from 952889 total
[Facade] E query 2f443373: 100 records, 0.2ms, filters={param=PM2.5, value=[10.0, 50.0]}
[Facade] E local query: 100 records from 952889 total
[Facade] E local query: 100 records from 952889 total
[Facade] E query a425e2c2: 100 records, 0.3ms, filters={param=PM2.5, value=[10.0, 50.0]}
[Facade] E query b0f81095: 100 records, 0.2ms, filters={param=PM2.5, value=[10.0, 50.0]}
[Facade] E local query: 100 records from 952889 total
[Facade] E query 270293cf: 100 records, 0.2ms, filters={param=PM2.5, value=[10.0, 50.0]}
[Facade] E local query: 100 records from 952889 total
[Facade] E query ece39e4c: 100 records, 0.1ms, filters={param=PM2.5, value=[10.0, 50.0]}
[Facade] E local query: 100 records from 952889 total
[Facade] E query 8fa1ea43: 100 records, 0.1ms, filters={param=PM2.5, value=[10.0, 50.0]}
[Facade] E local query: 100 records from 952889 total
[Facade] E query f4967a81: 100 records, 0.1ms, filters={param=PM2.5, value=[10.0, 50.0]}
[Facade] E local query: 100 records from 952889 total
[Facade] E query 26fba632: 100 records, 0.1ms, filters={param=PM2.5, value=[10.0, 50.0]}
[Facade] E local query: 100 records from 952889 total
[Facade] E query 11683f8a: 100 records, 0.1ms, filters={param=PM2.5, value=[10.0, 50.0]}
[Facade] E local query: 100 records from 952889 total
[Facade] E query 926ca39e: 100 records, 0.1ms, filters={param=PM2.5, value=[10.0, 50.0]}
[Facade] E local query: 100 records from 952889 total
[Facade] E local query: 100 records from 952889 total
[Facade] E query 4f88e8ad: 100 records, 0.3ms, filters={param=PM2.5, value=[10.0, 50.0]}
[Facade] E query 366d7cca: 100 records, 0.2ms, filters={param=PM2.5, value=[10.0, 50.0]}
[Facade] E local query: 100 records from 952889 total
[Facade] E query 62c7ca05: 100 records, 0.1ms, filters={param=PM2.5, value=[10.0, 50.0]}
[Facade] E local query: 100 records from 952889 total
[Facade] E query f6a1694c: 100 records, 0.1ms, filters={param=PM2.5, value=[10.0, 50.0]}
[Facade] E local query: 100 records from 952889 total
[Facade] E query ec7725a2: 100 records, 0.1ms, filters={param=PM2.5, value=[10.0, 50.0]}
[Facade] E local query: 100 records from 952889 total
[Facade] E query 30e77b69: 100 records, 0.1ms, filters={param=PM2.5, value=[10.0, 50.0]}
[Facade] E local query: 100 records from 952889 total
[Facade] E query e80be4c7: 100 records, 0.1ms, filters={param=PM2.5, value=[10.0, 50.0]}
[Facade] E local query: 100 records from 952889 total
[Facade] E query 17f716d6: 100 records, 0.1ms, filters={param=PM2.5, value=[10.0, 50.0]}
[Facade] E local query: 100 records from 952889 total
[Facade] E query 8c41fb26: 100 records, 0.1ms, filters={param=PM2.5, value=[10.0, 50.0]}
[Facade] E local query: 100 records from 952889 total
[Facade] E query 0cb64251: 100 records, 0.2ms, filters={param=PM2.5, value=[10.0, 50.0]}
[Facade] E local query: 100 records from 952889 total
[Facade] E query 1b527f17: 100 records, 0.1ms, filters={param=PM2.5, value=[10.0, 50.0]}[Facade] E local query: 100 records from 952889 total

[Facade] E local query: 100 records from 952889 total
[Facade] E query bba194ad: 100 records, 0.1ms, filters={param=PM2.5, value=[10.0, 50.0]}
[Facade] E query af8e67cb: 100 records, 0.3ms, filters={param=PM2.5, value=[10.0, 50.0]}
[Facade] E local query: 100 records from 952889 total
[Facade] E query d1e2ac02: 100 records, 0.1ms, filters={param=PM2.5, value=[10.0, 50.0]}
[Facade] E local query: 100 records from 952889 total
[Facade] E query f30a3194: 100 records, 0.1ms, filters={param=PM2.5, value=[10.0, 50.0]}
[Facade] E local query: 100 records from 952889 total
[Facade] E query 12b7177f: 100 records, 0.2ms, filters={param=PM2.5, value=[10.0, 50.0]}
[Facade] E local query: 100 records from 952889 total
[Facade] E query 4880a400: 100 records, 0.1ms, filters={param=PM2.5, value=[10.0, 50.0]}
[Facade] E local query: 100 records from 952889 total
[Facade] E query 8f784944: 100 records, 0.1ms, filters={param=PM2.5, value=[10.0, 50.0]}
[Facade] E local query: 100 records from 952889 total
[Facade] E query 71b4678f: 100 records, 0.1ms, filters={param=PM2.5, value=[10.0, 50.0]}
[Facade] E local query: 100 records from 952889 total
[Facade] E query 613a53ef: 100 records, 0.2ms, filters={param=PM2.5, value=[10.0, 50.0]}
[Facade] E local query: 100 records from 952889 total
[Facade] E query 0bc21555: 100 records, 0.1ms, filters={param=PM2.5, value=[10.0, 50.0]}
[Facade] E local query: 100 records from 952889 total
[Facade] E query 0e7f8f68: 100 records, 0.1ms, filters={param=PM2.5, value=[10.0, 50.0]}
[Facade] E local query: 100 records from 952889 total
[Facade] E query e63d1f7f: 100 records, 0.1ms, filters={param=PM2.5, value=[10.0, 50.0]}
[Facade] E local query: 100 records from 952889 total
[Facade] E query a27d93e8: 100 records, 0.1ms, filters={param=PM2.5, value=[10.0, 50.0]}
[Facade] E local query: 100 records from 952889 total
[Facade] E query 155ddc5a: 100 records, 0.1ms, filters={param=PM2.5, value=[10.0, 50.0]}
[Facade] E local query: 100 records from 952889 total
[Facade] E query 353872c5: 100 records, 0.1ms, filters={param=PM2.5, value=[10.0, 50.0]}
[Facade] E local query: 100 records from 952889 total
[Facade] E query 4669bafc: 100 records, 0.1ms, filters={param=PM2.5, value=[10.0, 50.0]}
[Facade] E local query: 100 records from 952889 total
[Facade] E query 41fbd5cd: 100 records, 0.1ms, filters={param=PM2.5, value=[10.0, 50.0]}
[Facade] E local query: 100 records from 952889 total
[Facade] E query 4579a224: 100 records, 0.1ms, filters={param=PM2.5, value=[10.0, 50.0]}
[Facade] E local query: 100 records from 952889 total
[Facade] E query fb40b90d: 100 records, 0.2ms, filters={param=PM2.5, value=[10.0, 50.0]}
[Facade] E local query: 100 records from 952889 total
[Facade] E query cfac208a: 100 records, 0.1ms, filters={param=PM2.5, value=[10.0, 50.0]}
[Facade] E local query: 100 records from 952889 total
[Facade] E query 067d9608: 100 records, 0.1ms, filters={param=PM2.5, value=[10.0, 50.0]}
[Facade] E local query: 100 records from 952889 total
[Facade] E query e3906995: 100 records, 0.1ms, filters={param=PM2.5, value=[10.0, 50.0]}
[Facade] E local query: 100 records from 952889 total
[Facade] E query 033d7519: 100 records, 0.1ms, filters={param=PM2.5, value=[10.0, 50.0]}
[Facade] E local query: 100 records from 952889 total
[Facade] E query 886e73d5: 100 records, 0.1ms, filters={param=PM2.5, value=[10.0, 50.0]}
[Facade] E local query: 100 records from 952889 total
[Facade] E query 41aa6de6: 100 records, 0.1ms, filters={param=PM2.5, value=[10.0, 50.0]}
[Facade] E local query: 100 records from 952889 total
[Facade] E query e2f08094: 100 records, 0.1ms, filters={param=PM2.5, value=[10.0, 50.0]}
[Facade] E local query: 100 records from 952889 total
[Facade] E query d119f8fc: 100 records, 0.1ms, filters={param=PM2.5, value=[10.0, 50.0]}
[Facade] E local query: 100 records from 952889 total
[Facade] E query 5899f188: 100 records, 0.1ms, filters={param=PM2.5, value=[10.0, 50.0]}
[Facade] E local query: 100 records from 952889 total
[Facade] E query 6b0bd673: 100 records, 0.1ms, filters={param=PM2.5, value=[10.0, 50.0]}
[Facade] E local query: 100 records from 952889 total
[Facade] E query df417052: 100 records, 0.1ms, filters={param=PM2.5, value=[10.0, 50.0]}
[Facade] E local query: 100 records from 952889 total
[Facade] E query a61de44f: 100 records, 0.1ms, filters={param=PM2.5, value=[10.0, 50.0]}
[Facade] E local query: 100 records from 952889 total
[Facade] E query 89acd878: 100 records, 0.1ms, filters={param=PM2.5, value=[10.0, 50.0]}
[Facade] E local query: 100 records from 952889 total
[Facade] E query 16affed1: 100 records, 0.1ms, filters={param=PM2.5, value=[10.0, 50.0]}
[Facade] E local query: 100 records from 952889 total
[Facade] E query b18067fd: 100 records, 0.1ms, filters={param=PM2.5, value=[10.0, 50.0]}
[Facade] E local query: 100 records from 952889 total
[Facade] E query b5a780b4: 100 records, 0.1ms, filters={param=PM2.5, value=[10.0, 50.0]}
[Facade] E local query: 100 records from 952889 total
[Facade] E query 4d30d511: 100 records, 0.2ms, filters={param=PM2.5, value=[10.0, 50.0]}
[Facade] E local query: 100 records from 952889 total
[Facade] E query 646fe0cc: 100 records, 0.2ms, filters={param=PM2.5, value=[10.0, 50.0]}
[Facade] E local query: 100 records from 952889 total
[Facade] E query 6e8ea762: 100 records, 0.1ms, filters={param=PM2.5, value=[10.0, 50.0]}
[Facade] E local query: 100 records from 952889 total
[Facade] E local query: 100 records from 952889 total
[Facade] E query 448e512d: 100 records, 0.3ms, filters={param=PM2.5, value=[10.0, 50.0]}[Facade] E query 7f24caef: 100 records, 0.2ms, filters={param=PM2.5, value=[10.0, 50.0]}

[Facade] E local query: 100 records from 952889 total
[Facade] E query 715bb54f: 100 records, 0.1ms, filters={param=PM2.5, value=[10.0, 50.0]}
[Facade] E local query: 100 records from 952889 total
[Facade] E query 7f659060: 100 records, 0.1ms, filters={param=PM2.5, value=[10.0, 50.0]}
[Facade] E local query: 100 records from 952889 total
[Facade] E query ad50eb25: 100 records, 0.1ms, filters={param=PM2.5, value=[10.0, 50.0]}
[Facade] E local query: 100 records from 952889 total
[Facade] E query 01757631: 100 records, 0.1ms, filters={param=PM2.5, value=[10.0, 50.0]}
[Facade] E local query: 100 records from 952889 total
[Facade] E query b4f049f9: 100 records, 0.1ms, filters={param=PM2.5, value=[10.0, 50.0]}
[Facade] E local query: 100 records from 952889 total
[Facade] E query 0da31a1a: 100 records, 0.1ms, filters={param=PM2.5, value=[10.0, 50.0]}
[Facade] E local query: 100 records from 952889 total
[Facade] E query 0ec54b2b: 100 records, 0.1ms, filters={param=PM2.5, value=[10.0, 50.0]}
[Facade] E local query: 100 records from 952889 total
[Facade] E query 665f39d5: 100 records, 0.1ms, filters={param=PM2.5, value=[10.0, 50.0]}
[Facade] E local query: 100 records from 952889 total
[Facade] E query 0569ed35: 100 records, 0.1ms, filters={param=PM2.5, value=[10.0, 50.0]}
[Facade] E local query: 100 records from 952889 total
[Facade] E query 634a690a: 100 records, 0.1ms, filters={param=PM2.5, value=[10.0, 50.0]}
[Facade] E local query: 100 records from 952889 total
[Facade] E query ce3292c3: 100 records, 0.1ms, filters={param=PM2.5, value=[10.0, 50.0]}
[Facade] E local query: 100 records from 952889 total
[Facade] E query c7666232: 100 records, 0.2ms, filters={param=PM2.5, value=[10.0, 50.0]}
[Facade] E local query: 100 records from 952889 total
[Facade] E query b7f005fb: 100 records, 0.1ms, filters={param=PM2.5, value=[10.0, 50.0]}
[Facade] E local query: 100 records from 952889 total
[Facade] E query 5566dfe9: 100 records, 0.4ms, filters={param=PM2.5, value=[10.0, 50.0]}
